f:\opensource\lightgbm-master\windows\x64\release\vc141.pdb
f:\opensource\lightgbm-master\windows\x64\release\linkers_socket.obj
f:\opensource\lightgbm-master\windows\x64\release\linkers_mpi.obj
f:\opensource\lightgbm-master\windows\x64\release\network.obj
f:\opensource\lightgbm-master\windows\x64\release\metric.obj
f:\opensource\lightgbm-master\windows\x64\release\dcg_calculator.obj
f:\opensource\lightgbm-master\windows\x64\release\lightgbm_r.obj
f:\opensource\lightgbm-master\windows\x64\release\tree.obj
f:\opensource\lightgbm-master\windows\x64\release\parser.obj
f:\opensource\lightgbm-master\windows\x64\release\metadata.obj
f:\opensource\lightgbm-master\windows\x64\release\dataset_loader.obj
f:\opensource\lightgbm-master\windows\x64\release\dataset.obj
f:\opensource\lightgbm-master\windows\x64\release\config.obj
f:\opensource\lightgbm-master\windows\x64\release\bin.obj
f:\opensource\lightgbm-master\windows\x64\release\c_api.obj
f:\opensource\lightgbm-master\windows\x64\release\prediction_early_stop.obj
f:\opensource\lightgbm-master\windows\x64\release\gbdt_prediction.obj
f:\opensource\lightgbm-master\windows\x64\release\gbdt_model_text.obj
f:\opensource\lightgbm-master\windows\x64\release\gbdt.obj
f:\opensource\lightgbm-master\windows\x64\release\boosting.obj
f:\opensource\lightgbm-master\windows\x64\release\application.obj
f:\opensource\lightgbm-master\windows\x64\release\voting_parallel_tree_learner.obj
f:\opensource\lightgbm-master\windows\x64\release\tree_learner.obj
f:\opensource\lightgbm-master\windows\x64\release\serial_tree_learner.obj
f:\opensource\lightgbm-master\windows\x64\release\feature_parallel_tree_learner.obj
f:\opensource\lightgbm-master\windows\x64\release\data_parallel_tree_learner.obj
f:\opensource\lightgbm-master\windows\x64\release\main.obj
f:\opensource\lightgbm-master\windows\x64\release\objective_function.obj
f:\opensource\lightgbm-master\windows\x64\release\linker_topo.obj
f:\opensource\lightgbm-master\windows\x64\release\lightgbm.exp
f:\opensource\lightgbm-master\windows\x64\release\lightgbm.tlog\cl.command.1.tlog
f:\opensource\lightgbm-master\windows\x64\release\lightgbm.tlog\cl.read.1.tlog
f:\opensource\lightgbm-master\windows\x64\release\lightgbm.tlog\cl.write.1.tlog
f:\opensource\lightgbm-master\windows\x64\release\lightgbm.tlog\link.36564.read.1.tlog
f:\opensource\lightgbm-master\windows\x64\release\lightgbm.tlog\link.36564.write.1.tlog
f:\opensource\lightgbm-master\windows\x64\release\lightgbm.tlog\link.command.1.tlog
f:\opensource\lightgbm-master\windows\x64\release\lightgbm.tlog\link.read.1.tlog
f:\opensource\lightgbm-master\windows\x64\release\lightgbm.tlog\link.write.1.tlog
