f:\opensource\lightgbm-master\windows\x64\dll\vc141.pdb
f:\opensource\lightgbm-master\windows\x64\dll\linkers_socket.obj
f:\opensource\lightgbm-master\windows\x64\dll\linkers_mpi.obj
f:\opensource\lightgbm-master\windows\x64\dll\network.obj
f:\opensource\lightgbm-master\windows\x64\dll\metric.obj
f:\opensource\lightgbm-master\windows\x64\dll\dcg_calculator.obj
f:\opensource\lightgbm-master\windows\x64\dll\lightgbm_r.obj
f:\opensource\lightgbm-master\windows\x64\dll\tree.obj
f:\opensource\lightgbm-master\windows\x64\dll\parser.obj
f:\opensource\lightgbm-master\windows\x64\dll\metadata.obj
f:\opensource\lightgbm-master\windows\x64\dll\dataset_loader.obj
f:\opensource\lightgbm-master\windows\x64\dll\dataset.obj
f:\opensource\lightgbm-master\windows\x64\dll\config.obj
f:\opensource\lightgbm-master\windows\x64\dll\bin.obj
f:\opensource\lightgbm-master\windows\x64\dll\c_api.obj
f:\opensource\lightgbm-master\windows\x64\dll\prediction_early_stop.obj
f:\opensource\lightgbm-master\windows\x64\dll\gbdt_prediction.obj
f:\opensource\lightgbm-master\windows\x64\dll\gbdt_model_text.obj
f:\opensource\lightgbm-master\windows\x64\dll\gbdt.obj
f:\opensource\lightgbm-master\windows\x64\dll\boosting.obj
f:\opensource\lightgbm-master\windows\x64\dll\application.obj
f:\opensource\lightgbm-master\windows\x64\dll\voting_parallel_tree_learner.obj
f:\opensource\lightgbm-master\windows\x64\dll\tree_learner.obj
f:\opensource\lightgbm-master\windows\x64\dll\serial_tree_learner.obj
f:\opensource\lightgbm-master\windows\x64\dll\feature_parallel_tree_learner.obj
f:\opensource\lightgbm-master\windows\x64\dll\data_parallel_tree_learner.obj
f:\opensource\lightgbm-master\windows\x64\dll\main.obj
f:\opensource\lightgbm-master\windows\x64\dll\objective_function.obj
f:\opensource\lightgbm-master\windows\x64\dll\linker_topo.obj
f:\opensource\lightgbm-master\windows\x64\dll\lib_lightgbm.exp
f:\opensource\lightgbm-master\windows\x64\dll\lightgbm.tlog\cl.command.1.tlog
f:\opensource\lightgbm-master\windows\x64\dll\lightgbm.tlog\cl.read.1.tlog
f:\opensource\lightgbm-master\windows\x64\dll\lightgbm.tlog\cl.write.1.tlog
f:\opensource\lightgbm-master\windows\x64\dll\lightgbm.tlog\link.16932.read.1.tlog
f:\opensource\lightgbm-master\windows\x64\dll\lightgbm.tlog\link.16932.write.1.tlog
f:\opensource\lightgbm-master\windows\x64\dll\lightgbm.tlog\link.command.1.tlog
f:\opensource\lightgbm-master\windows\x64\dll\lightgbm.tlog\link.read.1.tlog
f:\opensource\lightgbm-master\windows\x64\dll\lightgbm.tlog\link.write.1.tlog
