  boosting.cpp
f:\opensource\lightgbm-master\src\boosting\feature_selection.hpp(94): warning C4267: “+=”: 从“size_t”转换到“LightGBM::data_size_t”，可能丢失数据
f:\opensource\lightgbm-master\src\boosting\feature_selection.hpp(155): warning C4267: “初始化”: 从“size_t”转换到“LightGBM::data_size_t”，可能丢失数据
f:\opensource\lightgbm-master\src\boosting\feature_selection.hpp(190): warning C4267: “初始化”: 从“size_t”转换到“LightGBM::data_size_t”，可能丢失数据
f:\opensource\lightgbm-master\src\boosting\feature_selection.hpp(192): warning C4267: “初始化”: 从“size_t”转换到“LightGBM::data_size_t”，可能丢失数据
f:\opensource\lightgbm-master\src\boosting\feature_selection.hpp(394): warning C4267: “参数”: 从“size_t”转换到“int”，可能丢失数据
f:\opensource\lightgbm-master\src\boosting\feature_selection.hpp(386): warning C4189: “threshold”: 局部变量已初始化但不引用
f:\opensource\lightgbm-master\src\boosting\feature_selection.hpp(409): warning C4267: “初始化”: 从“size_t”转换到“int”，可能丢失数据
  gbdt.cpp
f:\opensource\lightgbm-master\src\boosting\feature_selection.hpp(94): warning C4267: “+=”: 从“size_t”转换到“LightGBM::data_size_t”，可能丢失数据
f:\opensource\lightgbm-master\src\boosting\feature_selection.hpp(155): warning C4267: “初始化”: 从“size_t”转换到“LightGBM::data_size_t”，可能丢失数据
f:\opensource\lightgbm-master\src\boosting\feature_selection.hpp(190): warning C4267: “初始化”: 从“size_t”转换到“LightGBM::data_size_t”，可能丢失数据
f:\opensource\lightgbm-master\src\boosting\feature_selection.hpp(192): warning C4267: “初始化”: 从“size_t”转换到“LightGBM::data_size_t”，可能丢失数据
f:\opensource\lightgbm-master\src\boosting\feature_selection.hpp(394): warning C4267: “参数”: 从“size_t”转换到“int”，可能丢失数据
f:\opensource\lightgbm-master\src\boosting\feature_selection.hpp(386): warning C4189: “threshold”: 局部变量已初始化但不引用
f:\opensource\lightgbm-master\src\boosting\feature_selection.hpp(409): warning C4267: “初始化”: 从“size_t”转换到“int”，可能丢失数据
  gbdt_model_text.cpp
f:\opensource\lightgbm-master\src\boosting\feature_selection.hpp(94): warning C4267: “+=”: 从“size_t”转换到“LightGBM::data_size_t”，可能丢失数据
f:\opensource\lightgbm-master\src\boosting\feature_selection.hpp(155): warning C4267: “初始化”: 从“size_t”转换到“LightGBM::data_size_t”，可能丢失数据
f:\opensource\lightgbm-master\src\boosting\feature_selection.hpp(190): warning C4267: “初始化”: 从“size_t”转换到“LightGBM::data_size_t”，可能丢失数据
f:\opensource\lightgbm-master\src\boosting\feature_selection.hpp(192): warning C4267: “初始化”: 从“size_t”转换到“LightGBM::data_size_t”，可能丢失数据
f:\opensource\lightgbm-master\src\boosting\feature_selection.hpp(394): warning C4267: “参数”: 从“size_t”转换到“int”，可能丢失数据
f:\opensource\lightgbm-master\src\boosting\feature_selection.hpp(386): warning C4189: “threshold”: 局部变量已初始化但不引用
f:\opensource\lightgbm-master\src\boosting\feature_selection.hpp(409): warning C4267: “初始化”: 从“size_t”转换到“int”，可能丢失数据
  gbdt_prediction.cpp
f:\opensource\lightgbm-master\src\boosting\feature_selection.hpp(94): warning C4267: “+=”: 从“size_t”转换到“LightGBM::data_size_t”，可能丢失数据
f:\opensource\lightgbm-master\src\boosting\feature_selection.hpp(155): warning C4267: “初始化”: 从“size_t”转换到“LightGBM::data_size_t”，可能丢失数据
f:\opensource\lightgbm-master\src\boosting\feature_selection.hpp(190): warning C4267: “初始化”: 从“size_t”转换到“LightGBM::data_size_t”，可能丢失数据
f:\opensource\lightgbm-master\src\boosting\feature_selection.hpp(192): warning C4267: “初始化”: 从“size_t”转换到“LightGBM::data_size_t”，可能丢失数据
f:\opensource\lightgbm-master\src\boosting\feature_selection.hpp(394): warning C4267: “参数”: 从“size_t”转换到“int”，可能丢失数据
f:\opensource\lightgbm-master\src\boosting\feature_selection.hpp(386): warning C4189: “threshold”: 局部变量已初始化但不引用
f:\opensource\lightgbm-master\src\boosting\feature_selection.hpp(409): warning C4267: “初始化”: 从“size_t”转换到“int”，可能丢失数据
..\src\boosting\gbdt_prediction.cpp(13): warning C4189: “early_stop_round_counter”: 局部变量已初始化但不引用
  application.obj : 找到 MSIL .netmodule 或使用 /GL 编译的模块；正在使用 /LTCG 重新启动链接；将 /LTCG 添加到链接命令行以改进链接器性能
    正在创建库 F:\OpenSource\LightGBM-master\windows\x64\DLL\lib_lightgbm.lib 和对象 F:\OpenSource\LightGBM-master\windows\x64\DLL\lib_lightgbm.exp
  正在生成代码
  已完成代码的生成
  LightGBM.vcxproj -> F:\OpenSource\LightGBM-master\windows\x64\DLL\lib_lightgbm.dll
